<?xml version="1.0" encoding="UTF-8"?>
<!-- Generated by org.testng.reporters.JUnitXMLReporter -->
<testsuite ignored="2" hostname="DESKTOP-GRE8QJG" failures="2" tests="4" name="Test2" time="20.635" errors="0" timestamp="10 Jan 2022 05:29:54 GMT">
  <testcase classname="testCases.LoginTestCases" name="LoginValid" time="0.0">
    <failure type="org.testng.TestNGException" message="
Parameter &amp;apos;username&amp;apos; is required by @Test on method LoginValid but has not been marked @Optional or defined
in C:\Users\SPURGE\eclipse-workspace\StockAccount\parllel.xml">
      <![CDATA[org.testng.TestNGException: 
Parameter 'username' is required by @Test on method LoginValid but has not been marked @Optional or defined
in C:\Users\SPURGE\eclipse-workspace\StockAccount\parllel.xml
at java.base/java.util.concurrent.ThreadPoolExecutor.runWorker(ThreadPoolExecutor.java:1136)
at java.base/java.util.concurrent.ThreadPoolExecutor$Worker.run(ThreadPoolExecutor.java:635)
at java.base/java.lang.Thread.run(Thread.java:833)
... Removed 9 stack frames]]>
    </failure>
  </testcase> <!-- LoginValid -->
  <testcase classname="testCases.StockH_TestCases" name="addStockHolder" time="0.018">
    <failure type="java.lang.NullPointerException" message="Cannot invoke &amp;quot;org.openqa.selenium.WebDriver.findElement(org.openqa.selenium.By)&amp;quot; because &amp;quot;this.driver&amp;quot; is null">
      <![CDATA[java.lang.NullPointerException: Cannot invoke "org.openqa.selenium.WebDriver.findElement(org.openqa.selenium.By)" because "this.driver" is null
at methods.LoginPage.Login(LoginPage.java:16)
at testCases.StockH_TestCases.addStockHolder(StockH_TestCases.java:14)
at java.base/java.util.concurrent.ThreadPoolExecutor.runWorker(ThreadPoolExecutor.java:1136)
at java.base/java.util.concurrent.ThreadPoolExecutor$Worker.run(ThreadPoolExecutor.java:635)
at java.base/java.lang.Thread.run(Thread.java:833)
... Removed 10 stack frames]]>
    </failure>
  </testcase> <!-- addStockHolder -->
  <testcase classname="testCases.LoginTestCases" name="LoginInValid" time="3.614"/>
  <testcase classname="testCases.LoginTestCases" name="LoginInValid" time="3.613"/>
  <testcase classname="appUtils.BrowseOpen" name="@BeforeTest open" time="0.0">
    <ignored/>
  </testcase> <!-- @BeforeTest open -->
  <testcase classname="appUtils.BrowseOpen" name="@AfterTest close" time="0.0">
    <ignored/>
  </testcase> <!-- @AfterTest close -->
</testsuite> <!-- Test2 -->
